\BOOKMARK [1][-]{section.1}{Introduction}{}% 1
\BOOKMARK [1][-]{section.2}{Theory and Methods}{}% 2
\BOOKMARK [2][-]{subsection.2.1}{Preliminary derivations}{section.2}% 3
\BOOKMARK [2][-]{subsection.2.2}{Singlet electron state}{section.2}% 4
\BOOKMARK [2][-]{subsection.2.3}{Closed, 2-dimensional shell states}{section.2}% 5
\BOOKMARK [2][-]{subsection.2.4}{The Metropolis ratio test}{section.2}% 6
\BOOKMARK [2][-]{subsection.2.5}{Importance sampling}{section.2}% 7
\BOOKMARK [2][-]{subsection.2.6}{Local energy}{section.2}% 8
\BOOKMARK [2][-]{subsection.2.7}{Flowchart of metropolis algorithm}{section.2}% 9
\BOOKMARK [2][-]{subsection.2.8}{Optimizing parameters}{section.2}% 10
\BOOKMARK [2][-]{subsection.2.9}{Parallelization}{section.2}% 11
\BOOKMARK [2][-]{subsection.2.10}{Blocking method}{section.2}% 12
\BOOKMARK [2][-]{subsection.2.11}{Benchmarking}{section.2}% 13
\BOOKMARK [1][-]{section.3}{Results}{}% 14
\BOOKMARK [2][-]{subsection.3.1}{Ground state energies, blocking, and benchmarks}{section.3}% 15
\BOOKMARK [2][-]{subsection.3.2}{One-body densities and radial distributions}{section.3}% 16
\BOOKMARK [2][-]{subsection.3.3}{Parallelization and vectorization}{section.3}% 17
\BOOKMARK [1][-]{section.4}{Comments}{}% 18
\BOOKMARK [2][-]{subsection.4.1}{Energies}{section.4}% 19
\BOOKMARK [2][-]{subsection.4.2}{Distributions and densities}{section.4}% 20
\BOOKMARK [2][-]{subsection.4.3}{Parallelization and vectorization}{section.4}% 21
\BOOKMARK [1][-]{section.5}{Conclusions}{}% 22
