\BOOKMARK [1][-]{section.1}{Introduction}{}% 1
\BOOKMARK [1][-]{section.2}{Theory and methods}{}% 2
\BOOKMARK [2][-]{subsection.2.1}{Preliminary derivations}{section.2}% 3
\BOOKMARK [3][-]{subsubsection.2.1.1}{Simplified problem}{subsection.2.1}% 4
\BOOKMARK [3][-]{subsubsection.2.1.2}{Full problem}{subsection.2.1}% 5
\BOOKMARK [2][-]{subsection.2.2}{Metropolis algorithm}{section.2}% 6
\BOOKMARK [3][-]{subsubsection.2.2.1}{Importance sampling}{subsection.2.2}% 7
\BOOKMARK [2][-]{subsection.2.3}{Optimizing parameters}{section.2}% 8
\BOOKMARK [2][-]{subsection.2.4}{Blocking method}{section.2}% 9
\BOOKMARK [2][-]{subsection.2.5}{Program structure}{section.2}% 10
\BOOKMARK [1][-]{section.3}{Results}{}% 11
\BOOKMARK [2][-]{subsection.3.1}{Benchmarks}{section.3}% 12
\BOOKMARK [3][-]{subsubsection.3.1.1}{Harmonic Oscillator without the Jastrow factor}{subsection.3.1}% 13
\BOOKMARK [3][-]{subsubsection.3.1.2}{Blocking}{subsection.3.1}% 14
\BOOKMARK [3][-]{subsubsection.3.1.3}{Parameter optimization}{subsection.3.1}% 15
\BOOKMARK [3][-]{subsubsection.3.1.4}{Onebody density}{subsection.3.1}% 16
\BOOKMARK [3][-]{subsubsection.3.1.5}{Conclusions}{subsection.3.1}% 17
\BOOKMARK [2][-]{subsection.3.2}{Energies for the full problem}{section.3}% 18
\BOOKMARK [2][-]{subsection.3.3}{One-body density}{section.3}% 19
\BOOKMARK [1][-]{section.4}{Conclusions}{}% 20
